CRITICAL - 2024-05-11 15:22:04 --> ErrorException: Undefined variable $dataSemester
in APPPATH\Views\tambah_krs_view.php on line 30.
 1 APPPATH\Views\tambah_krs_view.php(30): CodeIgniter\Debug\Exceptions->errorHandler(2, 'Undefined variable $dataSemester', 'C:\\xampp\\htdocs\\web_krs\\app\\Views\\tambah_krs_view.php', 30)
 2 SYSTEMPATH\View\View.php(228): include('C:\\xampp\\htdocs\\web_krs\\app\\Views\\tambah_krs_view.php')
 3 SYSTEMPATH\View\View.php(231): CodeIgniter\View\View->CodeIgniter\View\{closure}()
 4 SYSTEMPATH\Common.php(1178): CodeIgniter\View\View->render('tambah_krs_view', [], true)
 5 APPPATH\Controllers\Krs.php(26): view('tambah_krs_view', [...])
 6 SYSTEMPATH\CodeIgniter.php(941): App\Controllers\Krs->tambah()
 7 SYSTEMPATH\CodeIgniter.php(502): CodeIgniter\CodeIgniter->runController(Object(App\Controllers\Krs))
 8 SYSTEMPATH\CodeIgniter.php(361): CodeIgniter\CodeIgniter->handleRequest(null, Object(Config\Cache), false)
 9 FCPATH\index.php(79): CodeIgniter\CodeIgniter->run()
10 SYSTEMPATH\Commands\Server\rewrite.php(47): require_once('C:\\xampp\\htdocs\\web_krs\\public\\index.php')
CRITICAL - 2024-05-11 15:28:24 --> ErrorException: Undefined variable $dataSemester
in APPPATH\Views\tambah_krs_view.php on line 30.
 1 APPPATH\Views\tambah_krs_view.php(30): CodeIgniter\Debug\Exceptions->errorHandler(2, 'Undefined variable $dataSemester', 'C:\\xampp\\htdocs\\web_krs\\app\\Views\\tambah_krs_view.php', 30)
 2 SYSTEMPATH\View\View.php(228): include('C:\\xampp\\htdocs\\web_krs\\app\\Views\\tambah_krs_view.php')
 3 SYSTEMPATH\View\View.php(231): CodeIgniter\View\View->CodeIgniter\View\{closure}()
 4 SYSTEMPATH\Common.php(1178): CodeIgniter\View\View->render('tambah_krs_view', [], true)
 5 APPPATH\Controllers\Krs.php(26): view('tambah_krs_view', [...])
 6 SYSTEMPATH\CodeIgniter.php(941): App\Controllers\Krs->tambah()
 7 SYSTEMPATH\CodeIgniter.php(502): CodeIgniter\CodeIgniter->runController(Object(App\Controllers\Krs))
 8 SYSTEMPATH\CodeIgniter.php(361): CodeIgniter\CodeIgniter->handleRequest(null, Object(Config\Cache), false)
 9 FCPATH\index.php(79): CodeIgniter\CodeIgniter->run()
10 SYSTEMPATH\Commands\Server\rewrite.php(47): require_once('C:\\xampp\\htdocs\\web_krs\\public\\index.php')
CRITICAL - 2024-05-11 15:43:06 --> Error: Call to undefined method CodeIgniter\Database\MySQLi\Result::select()
in APPPATH\Models\Krs_model.php on line 24.
 1 APPPATH\Controllers\Krs.php(56): App\Models\Krs_model->getKrs('1')
 2 SYSTEMPATH\CodeIgniter.php(941): App\Controllers\Krs->edit('1')
 3 SYSTEMPATH\CodeIgniter.php(502): CodeIgniter\CodeIgniter->runController(Object(App\Controllers\Krs))
 4 SYSTEMPATH\CodeIgniter.php(361): CodeIgniter\CodeIgniter->handleRequest(null, Object(Config\Cache), false)
 5 FCPATH\index.php(79): CodeIgniter\CodeIgniter->run()
 6 SYSTEMPATH\Commands\Server\rewrite.php(47): require_once('C:\\xampp\\htdocs\\web_krs\\public\\index.php')
CRITICAL - 2024-05-11 15:51:58 --> Error: Call to undefined method CodeIgniter\Database\MySQLi\Result::select()
in APPPATH\Models\Krs_model.php on line 24.
 1 APPPATH\Controllers\Krs.php(56): App\Models\Krs_model->getKrs('1')
 2 SYSTEMPATH\CodeIgniter.php(941): App\Controllers\Krs->edit('1')
 3 SYSTEMPATH\CodeIgniter.php(502): CodeIgniter\CodeIgniter->runController(Object(App\Controllers\Krs))
 4 SYSTEMPATH\CodeIgniter.php(361): CodeIgniter\CodeIgniter->handleRequest(null, Object(Config\Cache), false)
 5 FCPATH\index.php(79): CodeIgniter\CodeIgniter->run()
 6 SYSTEMPATH\Commands\Server\rewrite.php(47): require_once('C:\\xampp\\htdocs\\web_krs\\public\\index.php')
CRITICAL - 2024-05-11 15:52:25 --> Error: Call to undefined method CodeIgniter\Database\MySQLi\Result::select()
in APPPATH\Models\Krs_model.php on line 24.
 1 APPPATH\Controllers\Krs.php(56): App\Models\Krs_model->getKrs('1')
 2 SYSTEMPATH\CodeIgniter.php(941): App\Controllers\Krs->edit('1')
 3 SYSTEMPATH\CodeIgniter.php(502): CodeIgniter\CodeIgniter->runController(Object(App\Controllers\Krs))
 4 SYSTEMPATH\CodeIgniter.php(361): CodeIgniter\CodeIgniter->handleRequest(null, Object(Config\Cache), false)
 5 FCPATH\index.php(79): CodeIgniter\CodeIgniter->run()
 6 SYSTEMPATH\Commands\Server\rewrite.php(47): require_once('C:\\xampp\\htdocs\\web_krs\\public\\index.php')
CRITICAL - 2024-05-11 15:54:23 --> Error: Call to undefined method CodeIgniter\Database\MySQLi\Result::select()
in APPPATH\Models\Krs_model.php on line 24.
 1 APPPATH\Controllers\Krs.php(56): App\Models\Krs_model->getKrs('1')
 2 SYSTEMPATH\CodeIgniter.php(941): App\Controllers\Krs->edit('1')
 3 SYSTEMPATH\CodeIgniter.php(502): CodeIgniter\CodeIgniter->runController(Object(App\Controllers\Krs))
 4 SYSTEMPATH\CodeIgniter.php(361): CodeIgniter\CodeIgniter->handleRequest(null, Object(Config\Cache), false)
 5 FCPATH\index.php(79): CodeIgniter\CodeIgniter->run()
 6 SYSTEMPATH\Commands\Server\rewrite.php(47): require_once('C:\\xampp\\htdocs\\web_krs\\public\\index.php')
CRITICAL - 2024-05-11 15:55:21 --> Error: Call to undefined method CodeIgniter\Database\MySQLi\Result::select()
in APPPATH\Models\Krs_model.php on line 24.
 1 APPPATH\Controllers\Krs.php(56): App\Models\Krs_model->getKrs('1')
 2 SYSTEMPATH\CodeIgniter.php(941): App\Controllers\Krs->edit('1')
 3 SYSTEMPATH\CodeIgniter.php(502): CodeIgniter\CodeIgniter->runController(Object(App\Controllers\Krs))
 4 SYSTEMPATH\CodeIgniter.php(361): CodeIgniter\CodeIgniter->handleRequest(null, Object(Config\Cache), false)
 5 FCPATH\index.php(79): CodeIgniter\CodeIgniter->run()
 6 SYSTEMPATH\Commands\Server\rewrite.php(47): require_once('C:\\xampp\\htdocs\\web_krs\\public\\index.php')
CRITICAL - 2024-05-11 16:05:03 --> ErrorException: Undefined array key 0
in APPPATH\Views\edit_krs_view.php on line 30.
 1 APPPATH\Views\edit_krs_view.php(30): CodeIgniter\Debug\Exceptions->errorHandler(2, 'Undefined array key 0', 'C:\\xampp\\htdocs\\web_krs\\app\\Views\\edit_krs_view.php', 30)
 2 SYSTEMPATH\View\View.php(228): include('C:\\xampp\\htdocs\\web_krs\\app\\Views\\edit_krs_view.php')
 3 SYSTEMPATH\View\View.php(231): CodeIgniter\View\View->CodeIgniter\View\{closure}()
 4 SYSTEMPATH\Common.php(1178): CodeIgniter\View\View->render('edit_krs_view', [], true)
 5 APPPATH\Controllers\Krs.php(63): view('edit_krs_view', [...])
 6 SYSTEMPATH\CodeIgniter.php(941): App\Controllers\Krs->edit('1')
 7 SYSTEMPATH\CodeIgniter.php(502): CodeIgniter\CodeIgniter->runController(Object(App\Controllers\Krs))
 8 SYSTEMPATH\CodeIgniter.php(361): CodeIgniter\CodeIgniter->handleRequest(null, Object(Config\Cache), false)
 9 FCPATH\index.php(79): CodeIgniter\CodeIgniter->run()
10 SYSTEMPATH\Commands\Server\rewrite.php(47): require_once('C:\\xampp\\htdocs\\web_krs\\public\\index.php')
CRITICAL - 2024-05-11 16:05:40 --> ErrorException: Attempt to read property "id_semester" on array
in APPPATH\Views\edit_krs_view.php on line 30.
 1 APPPATH\Views\edit_krs_view.php(30): CodeIgniter\Debug\Exceptions->errorHandler(2, 'Attempt to read property "id_semester" on array', 'C:\\xampp\\htdocs\\web_krs\\app\\Views\\edit_krs_view.php', 30)
 2 SYSTEMPATH\View\View.php(228): include('C:\\xampp\\htdocs\\web_krs\\app\\Views\\edit_krs_view.php')
 3 SYSTEMPATH\View\View.php(231): CodeIgniter\View\View->CodeIgniter\View\{closure}()
 4 SYSTEMPATH\Common.php(1178): CodeIgniter\View\View->render('edit_krs_view', [], true)
 5 APPPATH\Controllers\Krs.php(63): view('edit_krs_view', [...])
 6 SYSTEMPATH\CodeIgniter.php(941): App\Controllers\Krs->edit('1')
 7 SYSTEMPATH\CodeIgniter.php(502): CodeIgniter\CodeIgniter->runController(Object(App\Controllers\Krs))
 8 SYSTEMPATH\CodeIgniter.php(361): CodeIgniter\CodeIgniter->handleRequest(null, Object(Config\Cache), false)
 9 FCPATH\index.php(79): CodeIgniter\CodeIgniter->run()
10 SYSTEMPATH\Commands\Server\rewrite.php(47): require_once('C:\\xampp\\htdocs\\web_krs\\public\\index.php')
CRITICAL - 2024-05-11 16:14:22 --> Error: Cannot use object of type stdClass as array
in APPPATH\Views\edit_krs_view.php on line 30.
 1 SYSTEMPATH\View\View.php(228): include()
 2 SYSTEMPATH\View\View.php(231): CodeIgniter\View\View->CodeIgniter\View\{closure}()
 3 SYSTEMPATH\Common.php(1178): CodeIgniter\View\View->render('edit_krs_view', [], true)
 4 APPPATH\Controllers\Krs.php(63): view('edit_krs_view', [...])
 5 SYSTEMPATH\CodeIgniter.php(941): App\Controllers\Krs->edit('1')
 6 SYSTEMPATH\CodeIgniter.php(502): CodeIgniter\CodeIgniter->runController(Object(App\Controllers\Krs))
 7 SYSTEMPATH\CodeIgniter.php(361): CodeIgniter\CodeIgniter->handleRequest(null, Object(Config\Cache), false)
 8 FCPATH\index.php(79): CodeIgniter\CodeIgniter->run()
 9 SYSTEMPATH\Commands\Server\rewrite.php(47): require_once('C:\\xampp\\htdocs\\web_krs\\public\\index.php')
CRITICAL - 2024-05-11 18:19:03 --> Error: Call to a member function result() on array
in APPPATH\Views\edit_krs_view.php on line 28.
 1 SYSTEMPATH\View\View.php(228): include()
 2 SYSTEMPATH\View\View.php(231): CodeIgniter\View\View->CodeIgniter\View\{closure}()
 3 SYSTEMPATH\Common.php(1178): CodeIgniter\View\View->render('edit_krs_view', [], true)
 4 APPPATH\Controllers\Krs.php(63): view('edit_krs_view', [...])
 5 SYSTEMPATH\CodeIgniter.php(941): App\Controllers\Krs->edit('1')
 6 SYSTEMPATH\CodeIgniter.php(502): CodeIgniter\CodeIgniter->runController(Object(App\Controllers\Krs))
 7 SYSTEMPATH\CodeIgniter.php(361): CodeIgniter\CodeIgniter->handleRequest(null, Object(Config\Cache), false)
 8 FCPATH\index.php(79): CodeIgniter\CodeIgniter->run()
 9 SYSTEMPATH\Commands\Server\rewrite.php(47): require_once('C:\\xampp\\htdocs\\web_krs\\public\\index.php')
CRITICAL - 2024-05-11 18:22:00 --> ErrorException: Undefined array key "semester"
in APPPATH\Views\edit_krs_view.php on line 30.
 1 APPPATH\Views\edit_krs_view.php(30): CodeIgniter\Debug\Exceptions->errorHandler(2, 'Undefined array key "semester"', 'C:\\xampp\\htdocs\\web_krs\\app\\Views\\edit_krs_view.php', 30)
 2 SYSTEMPATH\View\View.php(228): include('C:\\xampp\\htdocs\\web_krs\\app\\Views\\edit_krs_view.php')
 3 SYSTEMPATH\View\View.php(231): CodeIgniter\View\View->CodeIgniter\View\{closure}()
 4 SYSTEMPATH\Common.php(1178): CodeIgniter\View\View->render('edit_krs_view', [], true)
 5 APPPATH\Controllers\Krs.php(63): view('edit_krs_view', [...])
 6 SYSTEMPATH\CodeIgniter.php(941): App\Controllers\Krs->edit('1')
 7 SYSTEMPATH\CodeIgniter.php(502): CodeIgniter\CodeIgniter->runController(Object(App\Controllers\Krs))
 8 SYSTEMPATH\CodeIgniter.php(361): CodeIgniter\CodeIgniter->handleRequest(null, Object(Config\Cache), false)
 9 FCPATH\index.php(79): CodeIgniter\CodeIgniter->run()
10 SYSTEMPATH\Commands\Server\rewrite.php(47): require_once('C:\\xampp\\htdocs\\web_krs\\public\\index.php')
CRITICAL - 2024-05-11 18:22:18 --> ErrorException: Undefined array key "semester"
in APPPATH\Views\edit_krs_view.php on line 30.
 1 APPPATH\Views\edit_krs_view.php(30): CodeIgniter\Debug\Exceptions->errorHandler(2, 'Undefined array key "semester"', 'C:\\xampp\\htdocs\\web_krs\\app\\Views\\edit_krs_view.php', 30)
 2 SYSTEMPATH\View\View.php(228): include('C:\\xampp\\htdocs\\web_krs\\app\\Views\\edit_krs_view.php')
 3 SYSTEMPATH\View\View.php(231): CodeIgniter\View\View->CodeIgniter\View\{closure}()
 4 SYSTEMPATH\Common.php(1178): CodeIgniter\View\View->render('edit_krs_view', [], true)
 5 APPPATH\Controllers\Krs.php(63): view('edit_krs_view', [...])
 6 SYSTEMPATH\CodeIgniter.php(941): App\Controllers\Krs->edit('1')
 7 SYSTEMPATH\CodeIgniter.php(502): CodeIgniter\CodeIgniter->runController(Object(App\Controllers\Krs))
 8 SYSTEMPATH\CodeIgniter.php(361): CodeIgniter\CodeIgniter->handleRequest(null, Object(Config\Cache), false)
 9 FCPATH\index.php(79): CodeIgniter\CodeIgniter->run()
10 SYSTEMPATH\Commands\Server\rewrite.php(47): require_once('C:\\xampp\\htdocs\\web_krs\\public\\index.php')
CRITICAL - 2024-05-11 18:22:35 --> Error: Cannot use object of type stdClass as array
in APPPATH\Views\edit_krs_view.php on line 30.
 1 SYSTEMPATH\View\View.php(228): include()
 2 SYSTEMPATH\View\View.php(231): CodeIgniter\View\View->CodeIgniter\View\{closure}()
 3 SYSTEMPATH\Common.php(1178): CodeIgniter\View\View->render('edit_krs_view', [], true)
 4 APPPATH\Controllers\Krs.php(63): view('edit_krs_view', [...])
 5 SYSTEMPATH\CodeIgniter.php(941): App\Controllers\Krs->edit('1')
 6 SYSTEMPATH\CodeIgniter.php(502): CodeIgniter\CodeIgniter->runController(Object(App\Controllers\Krs))
 7 SYSTEMPATH\CodeIgniter.php(361): CodeIgniter\CodeIgniter->handleRequest(null, Object(Config\Cache), false)
 8 FCPATH\index.php(79): CodeIgniter\CodeIgniter->run()
 9 SYSTEMPATH\Commands\Server\rewrite.php(47): require_once('C:\\xampp\\htdocs\\web_krs\\public\\index.php')
CRITICAL - 2024-05-11 18:36:19 --> ParseError: syntax error, unexpected string content "", expecting "-" or identifier or variable or number
in APPPATH\Views\edit_krs_view.php on line 31.
 1 SYSTEMPATH\View\View.php(231): CodeIgniter\View\View->CodeIgniter\View\{closure}()
 2 SYSTEMPATH\Common.php(1178): CodeIgniter\View\View->render('edit_krs_view', [], true)
 3 APPPATH\Controllers\Krs.php(63): view('edit_krs_view', [...])
 4 SYSTEMPATH\CodeIgniter.php(941): App\Controllers\Krs->edit('1')
 5 SYSTEMPATH\CodeIgniter.php(502): CodeIgniter\CodeIgniter->runController(Object(App\Controllers\Krs))
 6 SYSTEMPATH\CodeIgniter.php(361): CodeIgniter\CodeIgniter->handleRequest(null, Object(Config\Cache), false)
 7 FCPATH\index.php(79): CodeIgniter\CodeIgniter->run()
 8 SYSTEMPATH\Commands\Server\rewrite.php(47): require_once('C:\\xampp\\htdocs\\web_krs\\public\\index.php')
CRITICAL - 2024-05-11 19:13:46 --> ParseError: syntax error, unexpected token "}", expecting "," or ";"
in APPPATH\Views\edit_krs_view.php on line 33.
 1 SYSTEMPATH\View\View.php(231): CodeIgniter\View\View->CodeIgniter\View\{closure}()
 2 SYSTEMPATH\Common.php(1178): CodeIgniter\View\View->render('edit_krs_view', [], true)
 3 APPPATH\Controllers\Krs.php(63): view('edit_krs_view', [...])
 4 SYSTEMPATH\CodeIgniter.php(941): App\Controllers\Krs->edit('1')
 5 SYSTEMPATH\CodeIgniter.php(502): CodeIgniter\CodeIgniter->runController(Object(App\Controllers\Krs))
 6 SYSTEMPATH\CodeIgniter.php(361): CodeIgniter\CodeIgniter->handleRequest(null, Object(Config\Cache), false)
 7 FCPATH\index.php(79): CodeIgniter\CodeIgniter->run()
 8 SYSTEMPATH\Commands\Server\rewrite.php(47): require_once('C:\\xampp\\htdocs\\web_krs\\public\\index.php')
